# JRE version: Java(TM) SE Runtime Environment (25.0.1+8) (build 25.0.1+8-LTS-27)
# Java VM: Java HotSpot(TM) 64-Bit Server VM (25.0.1+8-LTS-27, mixed mode, sharing, tiered, compressed oops, compressed class ptrs, g1 gc, windows-amd64)
GC Precious Log:
 CardTable entry size: 512
 Card Set container configuration: InlinePtr #cards 4 size 8 Array Of Cards #cards 16 size 48 Howl #buckets 8 coarsen threshold 3686 Howl Bitmap #cards 512 size 80 coarsen threshold 460 Card regions per heap region 1 cards per card region 4096
 CPUs: 16 total, 16 available
 Memory: 15620M
 Large Page Support: Disabled
 NUMA Support: Disabled
 Compressed Oops: Enabled (Zero based)
 Heap Region Size: 2M
 Heap Min Capacity: 8M
 Heap Initial Capacity: 246M
 Heap Max Capacity: 3906M
 Pre-touch: Disabled
 Parallel Workers: 13
 Concurrent Workers: 3
 Concurrent Refinement Workers: 13
 Periodic GC: Disabled
Heap:
 garbage-first heap   total reserved 3999744K, committed 92160K, used 55071K [0x000000070be00000, 0x0000000800000000)
  region size 2048K, 11 young (22528K), 3 survivors (6144K)
GC Heap Usage History (8 events):
Event: 0.828 {heap Before GC invocations=0 (full 0):
 garbage-first heap   total reserved 3999744K, committed 253952K, used 48277K [0x000000070be00000, 0x0000000800000000)
  region size 2048K, 24 young (49152K), 0 survivors (0K)
}
Event: 0.834 {heap After GC invocations=1 (full 0):
 garbage-first heap   total reserved 3999744K, committed 253952K, used 6794K [0x000000070be00000, 0x0000000800000000)
  region size 2048K, 3 young (6144K), 3 survivors (6144K)
}
Event: 13.957 {heap Before GC invocations=1 (full 0):
 garbage-first heap   total reserved 3999744K, committed 253952K, used 70282K [0x000000070be00000, 0x0000000800000000)
  region size 2048K, 31 young (63488K), 3 survivors (6144K)
}
Event: 13.966 {heap After GC invocations=2 (full 0):
 garbage-first heap   total reserved 3999744K, committed 253952K, used 19853K [0x000000070be00000, 0x0000000800000000)
  region size 2048K, 6 young (12288K), 6 survivors (12288K)
}
Event: 17.913 {heap Before GC invocations=3 (full 0):
 garbage-first heap   total reserved 3999744K, committed 75776K, used 73101K [0x000000070be00000, 0x0000000800000000)
  region size 2048K, 23 young (47104K), 6 survivors (12288K)
}
Event: 17.924 {heap After GC invocations=4 (full 0):
 garbage-first heap   total reserved 3999744K, committed 92160K, used 36208K [0x000000070be00000, 0x0000000800000000)
  region size 2048K, 8 young (16384K), 8 survivors (16384K)
}
Event: 21.950 {heap Before GC invocations=4 (full 0):
 garbage-first heap   total reserved 3999744K, committed 92160K, used 66928K [0x000000070be00000, 0x0000000800000000)
  region size 2048K, 23 young (47104K), 8 survivors (16384K)
}
Event: 21.978 {heap After GC invocations=5 (full 0):
 garbage-first heap   total reserved 3999744K, committed 92160K, used 40735K [0x000000070be00000, 0x0000000800000000)
  region size 2048K, 3 young (6144K), 3 survivors (6144K)
}

