# JRE version: Java(TM) SE Runtime Environment (25.0.1+8) (build 25.0.1+8-LTS-27)
# Java VM: Java HotSpot(TM) 64-Bit Server VM (25.0.1+8-LTS-27, mixed mode, sharing, tiered, compressed oops, compressed class ptrs, g1 gc, windows-amd64)
GC Precious Log:
 CardTable entry size: 512
 Card Set container configuration: InlinePtr #cards 4 size 8 Array Of Cards #cards 16 size 48 Howl #buckets 8 coarsen threshold 3686 Howl Bitmap #cards 512 size 80 coarsen threshold 460 Card regions per heap region 1 cards per card region 4096
 CPUs: 16 total, 16 available
 Memory: 15620M
 Large Page Support: Disabled
 NUMA Support: Disabled
 Compressed Oops: Enabled (Zero based)
 Heap Region Size: 2M
 Heap Min Capacity: 8M
 Heap Initial Capacity: 246M
 Heap Max Capacity: 3906M
 Pre-touch: Disabled
 Parallel Workers: 13
 Concurrent Workers: 3
 Concurrent Refinement Workers: 13
 Periodic GC: Disabled
Heap:
 garbage-first heap   total reserved 3999744K, committed 83968K, used 56103K [0x000000070be00000, 0x0000000800000000)
  region size 2048K, 16 young (32768K), 3 survivors (6144K)
GC Heap Usage History (8 events):
Event: 0.830 {heap Before GC invocations=0 (full 0):
 garbage-first heap   total reserved 3999744K, committed 253952K, used 48277K [0x000000070be00000, 0x0000000800000000)
  region size 2048K, 24 young (49152K), 0 survivors (0K)
}
Event: 0.834 {heap After GC invocations=1 (full 0):
 garbage-first heap   total reserved 3999744K, committed 253952K, used 6794K [0x000000070be00000, 0x0000000800000000)
  region size 2048K, 3 young (6144K), 3 survivors (6144K)
}
Event: 12.164 {heap Before GC invocations=1 (full 0):
 garbage-first heap   total reserved 3999744K, committed 253952K, used 68234K [0x000000070be00000, 0x0000000800000000)
  region size 2048K, 30 young (61440K), 3 survivors (6144K)
}
Event: 12.174 {heap After GC invocations=2 (full 0):
 garbage-first heap   total reserved 3999744K, committed 253952K, used 19115K [0x000000070be00000, 0x0000000800000000)
  region size 2048K, 5 young (10240K), 5 survivors (10240K)
}
Event: 14.920 {heap Before GC invocations=3 (full 0):
 garbage-first heap   total reserved 3999744K, committed 69632K, used 68267K [0x000000070be00000, 0x0000000800000000)
  region size 2048K, 20 young (40960K), 5 survivors (10240K)
}
Event: 14.934 {heap After GC invocations=4 (full 0):
 garbage-first heap   total reserved 3999744K, committed 83968K, used 34167K [0x000000070be00000, 0x0000000800000000)
  region size 2048K, 7 young (14336K), 7 survivors (14336K)
}
Event: 17.126 {heap Before GC invocations=4 (full 0):
 garbage-first heap   total reserved 3999744K, committed 83968K, used 62839K [0x000000070be00000, 0x0000000800000000)
  region size 2048K, 21 young (43008K), 7 survivors (14336K)
}
Event: 17.140 {heap After GC invocations=5 (full 0):
 garbage-first heap   total reserved 3999744K, committed 83968K, used 31527K [0x000000070be00000, 0x0000000800000000)
  region size 2048K, 3 young (6144K), 3 survivors (6144K)
}

